13:59:49,265 I: (ErlangCore.java:64) : Starting CORE Thread[Worker-1,5,main]
13:59:49,268 I: (ErlangCore.java:79) : *** starting Erlide v0.29.13.201509181435 (core=0.24.13.201509181435) (model api=0.24.12.201509181435) *** (Cp1252) ui
13:59:49,272 I: (ErlangCore.java:86) : Started CORE
13:59:49,273 F: (ErlangPlugin.java:88) : Core started
13:59:50,314 F: (ErlangHostnameRetriever.java:40) : Test long hostname: JEYDURAI-WS04.cisco.com
13:59:51,172 F: (ErlangHostnameRetriever.java:40) : Test short hostname: JEYDURAI-WS04
13:59:51,192 F: (HostnameUtils.java:74) : Detected:: JEYDURAI-WS04 && JEYDURAI-WS04.cisco.com
13:59:51,234 F: (BackendActivator.java:25) : Backend plugin started
13:59:51,239 I: (ErlideUIPlugin.java:132) : Starting UI Thread[Worker-1,5,main]
13:59:51,242 F: (ModelActivator.java:19) : Starting Erlang model api
13:59:51,268 F: (BackendFactory.java:42) : Create ide backend 18.1.0
13:59:51,268 F: (BackendFactory.java:56) : Create backend 90e15_jeydurai_19551c_erlide
13:59:51,450 F: (OtpNodeProxy.java:301) : Runtime 90e15_jeydurai_19551c_erlide@JEYDURAI-WS04.cisco.com starting
13:59:51,451 F: (OtpNodeProxy.java:419) : START node :> ["c:\program files\erl7.1/bin/erl", -name, 90e15_jeydurai_19551c_erlide@JEYDURAI-WS04.cisco.com, -setcookie, erlide] *** C:\Jeyaraj\Analysis\PBG_Dashboards\java_projects
13:59:51,475 F: (OtpNodeProxy.java:212) : 90e15_jeydurai_19551c_erlide@JEYDURAI-WS04.cisco.com: waiting connection to peer... 
13:59:54,511 F: (OtpNodeProxy.java:219) : connected!
13:59:54,642 F: (OtpNodeProxy.java:306) : Runtime 90e15_jeydurai_19551c_erlide@JEYDURAI-WS04.cisco.com running
13:59:55,167 F: (ModelActivator.java:30) : Started model api
13:59:55,220 I: (ErlideUIPlugin.java:154) : Started UI
13:59:58,226 F: (LogEventHandler.java:27) : info: {"Monitoring java node",'jerlide_81955e9@JEYDURAI-WS04.cisco.com'}
13:59:58,229 F: (LogEventHandler.java:27) : info: {"Start monitor process: ",10000000,50000000}
14:04:03,505 F: (OtpNodeProxy.java:311) : Runtime 90e15_jeydurai_19551c_erlide@JEYDURAI-WS04.cisco.com stopping
14:04:03,554 F: (OtpNodeProxy.java:271) : Runtime 90e15_jeydurai_19551c_erlide@JEYDURAI-WS04.cisco.com terminated
